<?xml version="1.0" encoding="UTF-8"?>
<testsuite xmlns:xsi="http://www.w3.org/2001/XMLSchema-instance" xsi:noNamespaceSchemaLocation="https://maven.apache.org/surefire/maven-surefire-plugin/xsd/surefire-test-report.xsd" name="com.hmall.service.impl.HutoolTest" time="0.102" tests="2" errors="1" skipped="0" failures="0">
  <properties>
    <property name="sun.desktop" value="windows"/>
    <property name="awt.toolkit" value="sun.awt.windows.WToolkit"/>
    <property name="java.specification.version" value="11"/>
    <property name="sun.cpu.isalist" value="amd64"/>
    <property name="sun.jnu.encoding" value="GBK"/>
    <property name="java.class.path" value="F:\SpringCloud\hmall\hm-service\target\test-classes;F:\SpringCloud\hmall\hm-service\target\classes;F:\SpringCloud\hmall\hm-common\target\hm-common-1.0.0.jar;E:\javaPath\apache-maven-3.6.1\mvn_resp\org\apache\commons\commons-pool2\2.11.1\commons-pool2-2.11.1.jar;E:\javaPath\apache-maven-3.6.1\mvn_resp\cn\hutool\hutool-all\5.8.11\hutool-all-5.8.11.jar;E:\javaPath\apache-maven-3.6.1\mvn_resp\org\springframework\boot\spring-boot-starter-logging\2.7.12\spring-boot-starter-logging-2.7.12.jar;E:\javaPath\apache-maven-3.6.1\mvn_resp\ch\qos\logback\logback-classic\1.2.12\logback-classic-1.2.12.jar;E:\javaPath\apache-maven-3.6.1\mvn_resp\ch\qos\logback\logback-core\1.2.12\logback-core-1.2.12.jar;E:\javaPath\apache-maven-3.6.1\mvn_resp\org\apache\logging\log4j\log4j-to-slf4j\2.17.2\log4j-to-slf4j-2.17.2.jar;E:\javaPath\apache-maven-3.6.1\mvn_resp\org\apache\logging\log4j\log4j-api\2.17.2\log4j-api-2.17.2.jar;E:\javaPath\apache-maven-3.6.1\mvn_resp\org\slf4j\jul-to-slf4j\1.7.36\jul-to-slf4j-1.7.36.jar;E:\javaPath\apache-maven-3.6.1\mvn_resp\org\hibernate\validator\hibernate-validator\6.2.5.Final\hibernate-validator-6.2.5.Final.jar;E:\javaPath\apache-maven-3.6.1\mvn_resp\jakarta\validation\jakarta.validation-api\2.0.2\jakarta.validation-api-2.0.2.jar;E:\javaPath\apache-maven-3.6.1\mvn_resp\org\jboss\logging\jboss-logging\3.4.3.Final\jboss-logging-3.4.3.Final.jar;E:\javaPath\apache-maven-3.6.1\mvn_resp\com\fasterxml\classmate\1.5.1\classmate-1.5.1.jar;E:\javaPath\apache-maven-3.6.1\mvn_resp\org\springframework\boot\spring-boot-autoconfigure\2.7.12\spring-boot-autoconfigure-2.7.12.jar;E:\javaPath\apache-maven-3.6.1\mvn_resp\org\springframework\boot\spring-boot\2.7.12\spring-boot-2.7.12.jar;E:\javaPath\apache-maven-3.6.1\mvn_resp\com\github\xiaoymin\knife4j-openapi2-spring-boot-starter\4.1.0\knife4j-openapi2-spring-boot-starter-4.1.0.jar;E:\javaPath\apache-maven-3.6.1\mvn_resp\com\github\xiaoymin\knife4j-core\4.1.0\knife4j-core-4.1.0.jar;E:\javaPath\apache-maven-3.6.1\mvn_resp\com\github\xiaoymin\knife4j-openapi2-ui\4.1.0\knife4j-openapi2-ui-4.1.0.jar;E:\javaPath\apache-maven-3.6.1\mvn_resp\org\javassist\javassist\3.25.0-GA\javassist-3.25.0-GA.jar;E:\javaPath\apache-maven-3.6.1\mvn_resp\io\springfox\springfox-swagger2\2.10.5\springfox-swagger2-2.10.5.jar;E:\javaPath\apache-maven-3.6.1\mvn_resp\io\springfox\springfox-spi\2.10.5\springfox-spi-2.10.5.jar;E:\javaPath\apache-maven-3.6.1\mvn_resp\io\springfox\springfox-core\2.10.5\springfox-core-2.10.5.jar;E:\javaPath\apache-maven-3.6.1\mvn_resp\io\springfox\springfox-schema\2.10.5\springfox-schema-2.10.5.jar;E:\javaPath\apache-maven-3.6.1\mvn_resp\io\springfox\springfox-swagger-common\2.10.5\springfox-swagger-common-2.10.5.jar;E:\javaPath\apache-maven-3.6.1\mvn_resp\io\springfox\springfox-spring-web\2.10.5\springfox-spring-web-2.10.5.jar;E:\javaPath\apache-maven-3.6.1\mvn_resp\io\github\classgraph\classgraph\4.1.7\classgraph-4.1.7.jar;E:\javaPath\apache-maven-3.6.1\mvn_resp\org\springframework\plugin\spring-plugin-core\2.0.0.RELEASE\spring-plugin-core-2.0.0.RELEASE.jar;E:\javaPath\apache-maven-3.6.1\mvn_resp\org\springframework\plugin\spring-plugin-metadata\2.0.0.RELEASE\spring-plugin-metadata-2.0.0.RELEASE.jar;E:\javaPath\apache-maven-3.6.1\mvn_resp\org\mapstruct\mapstruct\1.3.1.Final\mapstruct-1.3.1.Final.jar;E:\javaPath\apache-maven-3.6.1\mvn_resp\io\swagger\swagger-models\1.6.6\swagger-models-1.6.6.jar;E:\javaPath\apache-maven-3.6.1\mvn_resp\com\fasterxml\jackson\core\jackson-annotations\2.13.5\jackson-annotations-2.13.5.jar;E:\javaPath\apache-maven-3.6.1\mvn_resp\io\swagger\swagger-annotations\1.6.6\swagger-annotations-1.6.6.jar;E:\javaPath\apache-maven-3.6.1\mvn_resp\io\springfox\springfox-bean-validators\2.10.5\springfox-bean-validators-2.10.5.jar;E:\javaPath\apache-maven-3.6.1\mvn_resp\io\springfox\springfox-spring-webmvc\2.10.5\springfox-spring-webmvc-2.10.5.jar;E:\javaPath\apache-maven-3.6.1\mvn_resp\com\github\ben-manes\caffeine\caffeine\2.9.3\caffeine-2.9.3.jar;E:\javaPath\apache-maven-3.6.1\mvn_resp\org\checkerframework\checker-qual\3.19.0\checker-qual-3.19.0.jar;E:\javaPath\apache-maven-3.6.1\mvn_resp\com\google\errorprone\error_prone_annotations\2.10.0\error_prone_annotations-2.10.0.jar;E:\javaPath\apache-maven-3.6.1\mvn_resp\org\springframework\boot\spring-boot-starter-web\2.7.12\spring-boot-starter-web-2.7.12.jar;E:\javaPath\apache-maven-3.6.1\mvn_resp\org\springframework\boot\spring-boot-starter\2.7.12\spring-boot-starter-2.7.12.jar;E:\javaPath\apache-maven-3.6.1\mvn_resp\jakarta\annotation\jakarta.annotation-api\1.3.5\jakarta.annotation-api-1.3.5.jar;E:\javaPath\apache-maven-3.6.1\mvn_resp\org\yaml\snakeyaml\1.30\snakeyaml-1.30.jar;E:\javaPath\apache-maven-3.6.1\mvn_resp\org\springframework\boot\spring-boot-starter-json\2.7.12\spring-boot-starter-json-2.7.12.jar;E:\javaPath\apache-maven-3.6.1\mvn_resp\com\fasterxml\jackson\core\jackson-databind\2.13.5\jackson-databind-2.13.5.jar;E:\javaPath\apache-maven-3.6.1\mvn_resp\com\fasterxml\jackson\datatype\jackson-datatype-jdk8\2.13.5\jackson-datatype-jdk8-2.13.5.jar;E:\javaPath\apache-maven-3.6.1\mvn_resp\com\fasterxml\jackson\datatype\jackson-datatype-jsr310\2.13.5\jackson-datatype-jsr310-2.13.5.jar;E:\javaPath\apache-maven-3.6.1\mvn_resp\com\fasterxml\jackson\module\jackson-module-parameter-names\2.13.5\jackson-module-parameter-names-2.13.5.jar;E:\javaPath\apache-maven-3.6.1\mvn_resp\org\springframework\boot\spring-boot-starter-tomcat\2.7.12\spring-boot-starter-tomcat-2.7.12.jar;E:\javaPath\apache-maven-3.6.1\mvn_resp\org\apache\tomcat\embed\tomcat-embed-core\9.0.75\tomcat-embed-core-9.0.75.jar;E:\javaPath\apache-maven-3.6.1\mvn_resp\org\apache\tomcat\embed\tomcat-embed-el\9.0.75\tomcat-embed-el-9.0.75.jar;E:\javaPath\apache-maven-3.6.1\mvn_resp\org\apache\tomcat\embed\tomcat-embed-websocket\9.0.75\tomcat-embed-websocket-9.0.75.jar;E:\javaPath\apache-maven-3.6.1\mvn_resp\org\springframework\spring-web\5.3.27\spring-web-5.3.27.jar;E:\javaPath\apache-maven-3.6.1\mvn_resp\org\springframework\spring-beans\5.3.27\spring-beans-5.3.27.jar;E:\javaPath\apache-maven-3.6.1\mvn_resp\org\springframework\spring-webmvc\5.3.27\spring-webmvc-5.3.27.jar;E:\javaPath\apache-maven-3.6.1\mvn_resp\org\springframework\spring-aop\5.3.27\spring-aop-5.3.27.jar;E:\javaPath\apache-maven-3.6.1\mvn_resp\org\springframework\spring-context\5.3.27\spring-context-5.3.27.jar;E:\javaPath\apache-maven-3.6.1\mvn_resp\org\springframework\spring-expression\5.3.27\spring-expression-5.3.27.jar;E:\javaPath\apache-maven-3.6.1\mvn_resp\org\springframework\security\spring-security-crypto\5.7.8\spring-security-crypto-5.7.8.jar;E:\javaPath\apache-maven-3.6.1\mvn_resp\org\springframework\security\spring-security-rsa\1.0.9.RELEASE\spring-security-rsa-1.0.9.RELEASE.jar;E:\javaPath\apache-maven-3.6.1\mvn_resp\org\bouncycastle\bcpkix-jdk15on\1.64\bcpkix-jdk15on-1.64.jar;E:\javaPath\apache-maven-3.6.1\mvn_resp\org\bouncycastle\bcprov-jdk15on\1.64\bcprov-jdk15on-1.64.jar;E:\javaPath\apache-maven-3.6.1\mvn_resp\mysql\mysql-connector-java\8.0.23\mysql-connector-java-8.0.23.jar;E:\javaPath\apache-maven-3.6.1\mvn_resp\com\google\protobuf\protobuf-java\3.11.4\protobuf-java-3.11.4.jar;E:\javaPath\apache-maven-3.6.1\mvn_resp\com\baomidou\mybatis-plus-boot-starter\3.4.3\mybatis-plus-boot-starter-3.4.3.jar;E:\javaPath\apache-maven-3.6.1\mvn_resp\com\baomidou\mybatis-plus\3.4.3\mybatis-plus-3.4.3.jar;E:\javaPath\apache-maven-3.6.1\mvn_resp\com\baomidou\mybatis-plus-extension\3.4.3\mybatis-plus-extension-3.4.3.jar;E:\javaPath\apache-maven-3.6.1\mvn_resp\com\baomidou\mybatis-plus-core\3.4.3\mybatis-plus-core-3.4.3.jar;E:\javaPath\apache-maven-3.6.1\mvn_resp\com\baomidou\mybatis-plus-annotation\3.4.3\mybatis-plus-annotation-3.4.3.jar;E:\javaPath\apache-maven-3.6.1\mvn_resp\com\github\jsqlparser\jsqlparser\4.0\jsqlparser-4.0.jar;E:\javaPath\apache-maven-3.6.1\mvn_resp\org\mybatis\mybatis\3.5.7\mybatis-3.5.7.jar;E:\javaPath\apache-maven-3.6.1\mvn_resp\org\mybatis\mybatis-spring\2.0.6\mybatis-spring-2.0.6.jar;E:\javaPath\apache-maven-3.6.1\mvn_resp\org\springframework\boot\spring-boot-starter-jdbc\2.7.12\spring-boot-starter-jdbc-2.7.12.jar;E:\javaPath\apache-maven-3.6.1\mvn_resp\com\zaxxer\HikariCP\4.0.3\HikariCP-4.0.3.jar;E:\javaPath\apache-maven-3.6.1\mvn_resp\org\springframework\spring-jdbc\5.3.27\spring-jdbc-5.3.27.jar;E:\javaPath\apache-maven-3.6.1\mvn_resp\org\springframework\boot\spring-boot-starter-test\2.7.12\spring-boot-starter-test-2.7.12.jar;E:\javaPath\apache-maven-3.6.1\mvn_resp\org\springframework\boot\spring-boot-test\2.7.12\spring-boot-test-2.7.12.jar;E:\javaPath\apache-maven-3.6.1\mvn_resp\org\springframework\boot\spring-boot-test-autoconfigure\2.7.12\spring-boot-test-autoconfigure-2.7.12.jar;E:\javaPath\apache-maven-3.6.1\mvn_resp\com\jayway\jsonpath\json-path\2.7.0\json-path-2.7.0.jar;E:\javaPath\apache-maven-3.6.1\mvn_resp\net\minidev\json-smart\2.4.11\json-smart-2.4.11.jar;E:\javaPath\apache-maven-3.6.1\mvn_resp\net\minidev\accessors-smart\2.4.11\accessors-smart-2.4.11.jar;E:\javaPath\apache-maven-3.6.1\mvn_resp\org\ow2\asm\asm\9.3\asm-9.3.jar;E:\javaPath\apache-maven-3.6.1\mvn_resp\org\slf4j\slf4j-api\1.7.36\slf4j-api-1.7.36.jar;E:\javaPath\apache-maven-3.6.1\mvn_resp\jakarta\xml\bind\jakarta.xml.bind-api\2.3.3\jakarta.xml.bind-api-2.3.3.jar;E:\javaPath\apache-maven-3.6.1\mvn_resp\jakarta\activation\jakarta.activation-api\1.2.2\jakarta.activation-api-1.2.2.jar;E:\javaPath\apache-maven-3.6.1\mvn_resp\org\assertj\assertj-core\3.22.0\assertj-core-3.22.0.jar;E:\javaPath\apache-maven-3.6.1\mvn_resp\org\hamcrest\hamcrest\2.2\hamcrest-2.2.jar;E:\javaPath\apache-maven-3.6.1\mvn_resp\org\junit\jupiter\junit-jupiter\5.8.2\junit-jupiter-5.8.2.jar;E:\javaPath\apache-maven-3.6.1\mvn_resp\org\junit\jupiter\junit-jupiter-api\5.8.2\junit-jupiter-api-5.8.2.jar;E:\javaPath\apache-maven-3.6.1\mvn_resp\org\opentest4j\opentest4j\1.2.0\opentest4j-1.2.0.jar;E:\javaPath\apache-maven-3.6.1\mvn_resp\org\junit\platform\junit-platform-commons\1.8.2\junit-platform-commons-1.8.2.jar;E:\javaPath\apache-maven-3.6.1\mvn_resp\org\apiguardian\apiguardian-api\1.1.2\apiguardian-api-1.1.2.jar;E:\javaPath\apache-maven-3.6.1\mvn_resp\org\junit\jupiter\junit-jupiter-params\5.8.2\junit-jupiter-params-5.8.2.jar;E:\javaPath\apache-maven-3.6.1\mvn_resp\org\junit\jupiter\junit-jupiter-engine\5.8.2\junit-jupiter-engine-5.8.2.jar;E:\javaPath\apache-maven-3.6.1\mvn_resp\org\junit\platform\junit-platform-engine\1.8.2\junit-platform-engine-1.8.2.jar;E:\javaPath\apache-maven-3.6.1\mvn_resp\org\mockito\mockito-core\4.5.1\mockito-core-4.5.1.jar;E:\javaPath\apache-maven-3.6.1\mvn_resp\net\bytebuddy\byte-buddy\1.12.23\byte-buddy-1.12.23.jar;E:\javaPath\apache-maven-3.6.1\mvn_resp\net\bytebuddy\byte-buddy-agent\1.12.23\byte-buddy-agent-1.12.23.jar;E:\javaPath\apache-maven-3.6.1\mvn_resp\org\objenesis\objenesis\3.2\objenesis-3.2.jar;E:\javaPath\apache-maven-3.6.1\mvn_resp\org\mockito\mockito-junit-jupiter\4.5.1\mockito-junit-jupiter-4.5.1.jar;E:\javaPath\apache-maven-3.6.1\mvn_resp\org\skyscreamer\jsonassert\1.5.1\jsonassert-1.5.1.jar;E:\javaPath\apache-maven-3.6.1\mvn_resp\com\vaadin\external\google\android-json\0.0.20131108.vaadin1\android-json-0.0.20131108.vaadin1.jar;E:\javaPath\apache-maven-3.6.1\mvn_resp\org\springframework\spring-core\5.3.27\spring-core-5.3.27.jar;E:\javaPath\apache-maven-3.6.1\mvn_resp\org\springframework\spring-jcl\5.3.27\spring-jcl-5.3.27.jar;E:\javaPath\apache-maven-3.6.1\mvn_resp\org\springframework\spring-test\5.3.27\spring-test-5.3.27.jar;E:\javaPath\apache-maven-3.6.1\mvn_resp\org\xmlunit\xmlunit-core\2.9.1\xmlunit-core-2.9.1.jar;E:\javaPath\apache-maven-3.6.1\mvn_resp\org\springframework\boot\spring-boot-starter-data-redis\2.7.12\spring-boot-starter-data-redis-2.7.12.jar;E:\javaPath\apache-maven-3.6.1\mvn_resp\org\springframework\data\spring-data-redis\2.7.12\spring-data-redis-2.7.12.jar;E:\javaPath\apache-maven-3.6.1\mvn_resp\org\springframework\data\spring-data-keyvalue\2.7.12\spring-data-keyvalue-2.7.12.jar;E:\javaPath\apache-maven-3.6.1\mvn_resp\org\springframework\data\spring-data-commons\2.7.12\spring-data-commons-2.7.12.jar;E:\javaPath\apache-maven-3.6.1\mvn_resp\org\springframework\spring-tx\5.3.27\spring-tx-5.3.27.jar;E:\javaPath\apache-maven-3.6.1\mvn_resp\org\springframework\spring-oxm\5.3.27\spring-oxm-5.3.27.jar;E:\javaPath\apache-maven-3.6.1\mvn_resp\org\springframework\spring-context-support\5.3.27\spring-context-support-5.3.27.jar;E:\javaPath\apache-maven-3.6.1\mvn_resp\io\lettuce\lettuce-core\6.1.10.RELEASE\lettuce-core-6.1.10.RELEASE.jar;E:\javaPath\apache-maven-3.6.1\mvn_resp\io\netty\netty-common\4.1.92.Final\netty-common-4.1.92.Final.jar;E:\javaPath\apache-maven-3.6.1\mvn_resp\io\netty\netty-handler\4.1.92.Final\netty-handler-4.1.92.Final.jar;E:\javaPath\apache-maven-3.6.1\mvn_resp\io\netty\netty-resolver\4.1.92.Final\netty-resolver-4.1.92.Final.jar;E:\javaPath\apache-maven-3.6.1\mvn_resp\io\netty\netty-buffer\4.1.92.Final\netty-buffer-4.1.92.Final.jar;E:\javaPath\apache-maven-3.6.1\mvn_resp\io\netty\netty-transport-native-unix-common\4.1.92.Final\netty-transport-native-unix-common-4.1.92.Final.jar;E:\javaPath\apache-maven-3.6.1\mvn_resp\io\netty\netty-codec\4.1.92.Final\netty-codec-4.1.92.Final.jar;E:\javaPath\apache-maven-3.6.1\mvn_resp\io\netty\netty-transport\4.1.92.Final\netty-transport-4.1.92.Final.jar;E:\javaPath\apache-maven-3.6.1\mvn_resp\io\projectreactor\reactor-core\3.4.29\reactor-core-3.4.29.jar;E:\javaPath\apache-maven-3.6.1\mvn_resp\org\reactivestreams\reactive-streams\1.0.4\reactive-streams-1.0.4.jar;E:\javaPath\apache-maven-3.6.1\mvn_resp\com\alibaba\cloud\spring-cloud-starter-alibaba-nacos-discovery\2021.0.4.0\spring-cloud-starter-alibaba-nacos-discovery-2021.0.4.0.jar;E:\javaPath\apache-maven-3.6.1\mvn_resp\com\alibaba\cloud\spring-cloud-alibaba-commons\2021.0.4.0\spring-cloud-alibaba-commons-2021.0.4.0.jar;E:\javaPath\apache-maven-3.6.1\mvn_resp\com\alibaba\nacos\nacos-client\2.0.4\nacos-client-2.0.4.jar;E:\javaPath\apache-maven-3.6.1\mvn_resp\commons-codec\commons-codec\1.15\commons-codec-1.15.jar;E:\javaPath\apache-maven-3.6.1\mvn_resp\com\fasterxml\jackson\core\jackson-core\2.13.5\jackson-core-2.13.5.jar;E:\javaPath\apache-maven-3.6.1\mvn_resp\org\apache\httpcomponents\httpasyncclient\4.1.5\httpasyncclient-4.1.5.jar;E:\javaPath\apache-maven-3.6.1\mvn_resp\org\apache\httpcomponents\httpcore\4.4.16\httpcore-4.4.16.jar;E:\javaPath\apache-maven-3.6.1\mvn_resp\org\apache\httpcomponents\httpcore-nio\4.4.16\httpcore-nio-4.4.16.jar;E:\javaPath\apache-maven-3.6.1\mvn_resp\org\apache\httpcomponents\httpclient\4.5.14\httpclient-4.5.14.jar;E:\javaPath\apache-maven-3.6.1\mvn_resp\org\reflections\reflections\0.9.11\reflections-0.9.11.jar;E:\javaPath\apache-maven-3.6.1\mvn_resp\com\google\guava\guava\20.0\guava-20.0.jar;E:\javaPath\apache-maven-3.6.1\mvn_resp\io\prometheus\simpleclient\0.15.0\simpleclient-0.15.0.jar;E:\javaPath\apache-maven-3.6.1\mvn_resp\io\prometheus\simpleclient_tracer_otel\0.15.0\simpleclient_tracer_otel-0.15.0.jar;E:\javaPath\apache-maven-3.6.1\mvn_resp\io\prometheus\simpleclient_tracer_common\0.15.0\simpleclient_tracer_common-0.15.0.jar;E:\javaPath\apache-maven-3.6.1\mvn_resp\io\prometheus\simpleclient_tracer_otel_agent\0.15.0\simpleclient_tracer_otel_agent-0.15.0.jar;E:\javaPath\apache-maven-3.6.1\mvn_resp\com\alibaba\spring\spring-context-support\1.0.11\spring-context-support-1.0.11.jar;E:\javaPath\apache-maven-3.6.1\mvn_resp\org\springframework\cloud\spring-cloud-commons\3.1.3\spring-cloud-commons-3.1.3.jar;E:\javaPath\apache-maven-3.6.1\mvn_resp\org\springframework\cloud\spring-cloud-context\3.1.3\spring-cloud-context-3.1.3.jar;E:\javaPath\apache-maven-3.6.1\mvn_resp\org\projectlombok\lombok\1.18.20\lombok-1.18.20.jar;"/>
    <property name="java.vm.vendor" value="Oracle Corporation"/>
    <property name="sun.arch.data.model" value="64"/>
    <property name="user.variant" value=""/>
    <property name="java.vendor.url" value="https://openjdk.java.net/"/>
    <property name="user.timezone" value="Asia/Shanghai"/>
    <property name="java.vm.specification.version" value="11"/>
    <property name="os.name" value="Windows 10"/>
    <property name="sun.java.launcher" value="SUN_STANDARD"/>
    <property name="user.country" value="CN"/>
    <property name="sun.boot.library.path" value="D:\Program Files\Java\jdk-11.0.11\bin"/>
    <property name="sun.java.command" value="C:\Users\lxbai\AppData\Local\Temp\surefire14032814013591807778\surefirebooter12780307478367740757.jar C:\Users\lxbai\AppData\Local\Temp\surefire14032814013591807778 2023-11-14T12-02-50_605-jvmRun1 surefire6505917909947140277tmp surefire_014744232531751914796tmp"/>
    <property name="jdk.debug" value="release"/>
    <property name="surefire.test.class.path" value="F:\SpringCloud\hmall\hm-service\target\test-classes;F:\SpringCloud\hmall\hm-service\target\classes;F:\SpringCloud\hmall\hm-common\target\hm-common-1.0.0.jar;E:\javaPath\apache-maven-3.6.1\mvn_resp\org\apache\commons\commons-pool2\2.11.1\commons-pool2-2.11.1.jar;E:\javaPath\apache-maven-3.6.1\mvn_resp\cn\hutool\hutool-all\5.8.11\hutool-all-5.8.11.jar;E:\javaPath\apache-maven-3.6.1\mvn_resp\org\springframework\boot\spring-boot-starter-logging\2.7.12\spring-boot-starter-logging-2.7.12.jar;E:\javaPath\apache-maven-3.6.1\mvn_resp\ch\qos\logback\logback-classic\1.2.12\logback-classic-1.2.12.jar;E:\javaPath\apache-maven-3.6.1\mvn_resp\ch\qos\logback\logback-core\1.2.12\logback-core-1.2.12.jar;E:\javaPath\apache-maven-3.6.1\mvn_resp\org\apache\logging\log4j\log4j-to-slf4j\2.17.2\log4j-to-slf4j-2.17.2.jar;E:\javaPath\apache-maven-3.6.1\mvn_resp\org\apache\logging\log4j\log4j-api\2.17.2\log4j-api-2.17.2.jar;E:\javaPath\apache-maven-3.6.1\mvn_resp\org\slf4j\jul-to-slf4j\1.7.36\jul-to-slf4j-1.7.36.jar;E:\javaPath\apache-maven-3.6.1\mvn_resp\org\hibernate\validator\hibernate-validator\6.2.5.Final\hibernate-validator-6.2.5.Final.jar;E:\javaPath\apache-maven-3.6.1\mvn_resp\jakarta\validation\jakarta.validation-api\2.0.2\jakarta.validation-api-2.0.2.jar;E:\javaPath\apache-maven-3.6.1\mvn_resp\org\jboss\logging\jboss-logging\3.4.3.Final\jboss-logging-3.4.3.Final.jar;E:\javaPath\apache-maven-3.6.1\mvn_resp\com\fasterxml\classmate\1.5.1\classmate-1.5.1.jar;E:\javaPath\apache-maven-3.6.1\mvn_resp\org\springframework\boot\spring-boot-autoconfigure\2.7.12\spring-boot-autoconfigure-2.7.12.jar;E:\javaPath\apache-maven-3.6.1\mvn_resp\org\springframework\boot\spring-boot\2.7.12\spring-boot-2.7.12.jar;E:\javaPath\apache-maven-3.6.1\mvn_resp\com\github\xiaoymin\knife4j-openapi2-spring-boot-starter\4.1.0\knife4j-openapi2-spring-boot-starter-4.1.0.jar;E:\javaPath\apache-maven-3.6.1\mvn_resp\com\github\xiaoymin\knife4j-core\4.1.0\knife4j-core-4.1.0.jar;E:\javaPath\apache-maven-3.6.1\mvn_resp\com\github\xiaoymin\knife4j-openapi2-ui\4.1.0\knife4j-openapi2-ui-4.1.0.jar;E:\javaPath\apache-maven-3.6.1\mvn_resp\org\javassist\javassist\3.25.0-GA\javassist-3.25.0-GA.jar;E:\javaPath\apache-maven-3.6.1\mvn_resp\io\springfox\springfox-swagger2\2.10.5\springfox-swagger2-2.10.5.jar;E:\javaPath\apache-maven-3.6.1\mvn_resp\io\springfox\springfox-spi\2.10.5\springfox-spi-2.10.5.jar;E:\javaPath\apache-maven-3.6.1\mvn_resp\io\springfox\springfox-core\2.10.5\springfox-core-2.10.5.jar;E:\javaPath\apache-maven-3.6.1\mvn_resp\io\springfox\springfox-schema\2.10.5\springfox-schema-2.10.5.jar;E:\javaPath\apache-maven-3.6.1\mvn_resp\io\springfox\springfox-swagger-common\2.10.5\springfox-swagger-common-2.10.5.jar;E:\javaPath\apache-maven-3.6.1\mvn_resp\io\springfox\springfox-spring-web\2.10.5\springfox-spring-web-2.10.5.jar;E:\javaPath\apache-maven-3.6.1\mvn_resp\io\github\classgraph\classgraph\4.1.7\classgraph-4.1.7.jar;E:\javaPath\apache-maven-3.6.1\mvn_resp\org\springframework\plugin\spring-plugin-core\2.0.0.RELEASE\spring-plugin-core-2.0.0.RELEASE.jar;E:\javaPath\apache-maven-3.6.1\mvn_resp\org\springframework\plugin\spring-plugin-metadata\2.0.0.RELEASE\spring-plugin-metadata-2.0.0.RELEASE.jar;E:\javaPath\apache-maven-3.6.1\mvn_resp\org\mapstruct\mapstruct\1.3.1.Final\mapstruct-1.3.1.Final.jar;E:\javaPath\apache-maven-3.6.1\mvn_resp\io\swagger\swagger-models\1.6.6\swagger-models-1.6.6.jar;E:\javaPath\apache-maven-3.6.1\mvn_resp\com\fasterxml\jackson\core\jackson-annotations\2.13.5\jackson-annotations-2.13.5.jar;E:\javaPath\apache-maven-3.6.1\mvn_resp\io\swagger\swagger-annotations\1.6.6\swagger-annotations-1.6.6.jar;E:\javaPath\apache-maven-3.6.1\mvn_resp\io\springfox\springfox-bean-validators\2.10.5\springfox-bean-validators-2.10.5.jar;E:\javaPath\apache-maven-3.6.1\mvn_resp\io\springfox\springfox-spring-webmvc\2.10.5\springfox-spring-webmvc-2.10.5.jar;E:\javaPath\apache-maven-3.6.1\mvn_resp\com\github\ben-manes\caffeine\caffeine\2.9.3\caffeine-2.9.3.jar;E:\javaPath\apache-maven-3.6.1\mvn_resp\org\checkerframework\checker-qual\3.19.0\checker-qual-3.19.0.jar;E:\javaPath\apache-maven-3.6.1\mvn_resp\com\google\errorprone\error_prone_annotations\2.10.0\error_prone_annotations-2.10.0.jar;E:\javaPath\apache-maven-3.6.1\mvn_resp\org\springframework\boot\spring-boot-starter-web\2.7.12\spring-boot-starter-web-2.7.12.jar;E:\javaPath\apache-maven-3.6.1\mvn_resp\org\springframework\boot\spring-boot-starter\2.7.12\spring-boot-starter-2.7.12.jar;E:\javaPath\apache-maven-3.6.1\mvn_resp\jakarta\annotation\jakarta.annotation-api\1.3.5\jakarta.annotation-api-1.3.5.jar;E:\javaPath\apache-maven-3.6.1\mvn_resp\org\yaml\snakeyaml\1.30\snakeyaml-1.30.jar;E:\javaPath\apache-maven-3.6.1\mvn_resp\org\springframework\boot\spring-boot-starter-json\2.7.12\spring-boot-starter-json-2.7.12.jar;E:\javaPath\apache-maven-3.6.1\mvn_resp\com\fasterxml\jackson\core\jackson-databind\2.13.5\jackson-databind-2.13.5.jar;E:\javaPath\apache-maven-3.6.1\mvn_resp\com\fasterxml\jackson\datatype\jackson-datatype-jdk8\2.13.5\jackson-datatype-jdk8-2.13.5.jar;E:\javaPath\apache-maven-3.6.1\mvn_resp\com\fasterxml\jackson\datatype\jackson-datatype-jsr310\2.13.5\jackson-datatype-jsr310-2.13.5.jar;E:\javaPath\apache-maven-3.6.1\mvn_resp\com\fasterxml\jackson\module\jackson-module-parameter-names\2.13.5\jackson-module-parameter-names-2.13.5.jar;E:\javaPath\apache-maven-3.6.1\mvn_resp\org\springframework\boot\spring-boot-starter-tomcat\2.7.12\spring-boot-starter-tomcat-2.7.12.jar;E:\javaPath\apache-maven-3.6.1\mvn_resp\org\apache\tomcat\embed\tomcat-embed-core\9.0.75\tomcat-embed-core-9.0.75.jar;E:\javaPath\apache-maven-3.6.1\mvn_resp\org\apache\tomcat\embed\tomcat-embed-el\9.0.75\tomcat-embed-el-9.0.75.jar;E:\javaPath\apache-maven-3.6.1\mvn_resp\org\apache\tomcat\embed\tomcat-embed-websocket\9.0.75\tomcat-embed-websocket-9.0.75.jar;E:\javaPath\apache-maven-3.6.1\mvn_resp\org\springframework\spring-web\5.3.27\spring-web-5.3.27.jar;E:\javaPath\apache-maven-3.6.1\mvn_resp\org\springframework\spring-beans\5.3.27\spring-beans-5.3.27.jar;E:\javaPath\apache-maven-3.6.1\mvn_resp\org\springframework\spring-webmvc\5.3.27\spring-webmvc-5.3.27.jar;E:\javaPath\apache-maven-3.6.1\mvn_resp\org\springframework\spring-aop\5.3.27\spring-aop-5.3.27.jar;E:\javaPath\apache-maven-3.6.1\mvn_resp\org\springframework\spring-context\5.3.27\spring-context-5.3.27.jar;E:\javaPath\apache-maven-3.6.1\mvn_resp\org\springframework\spring-expression\5.3.27\spring-expression-5.3.27.jar;E:\javaPath\apache-maven-3.6.1\mvn_resp\org\springframework\security\spring-security-crypto\5.7.8\spring-security-crypto-5.7.8.jar;E:\javaPath\apache-maven-3.6.1\mvn_resp\org\springframework\security\spring-security-rsa\1.0.9.RELEASE\spring-security-rsa-1.0.9.RELEASE.jar;E:\javaPath\apache-maven-3.6.1\mvn_resp\org\bouncycastle\bcpkix-jdk15on\1.64\bcpkix-jdk15on-1.64.jar;E:\javaPath\apache-maven-3.6.1\mvn_resp\org\bouncycastle\bcprov-jdk15on\1.64\bcprov-jdk15on-1.64.jar;E:\javaPath\apache-maven-3.6.1\mvn_resp\mysql\mysql-connector-java\8.0.23\mysql-connector-java-8.0.23.jar;E:\javaPath\apache-maven-3.6.1\mvn_resp\com\google\protobuf\protobuf-java\3.11.4\protobuf-java-3.11.4.jar;E:\javaPath\apache-maven-3.6.1\mvn_resp\com\baomidou\mybatis-plus-boot-starter\3.4.3\mybatis-plus-boot-starter-3.4.3.jar;E:\javaPath\apache-maven-3.6.1\mvn_resp\com\baomidou\mybatis-plus\3.4.3\mybatis-plus-3.4.3.jar;E:\javaPath\apache-maven-3.6.1\mvn_resp\com\baomidou\mybatis-plus-extension\3.4.3\mybatis-plus-extension-3.4.3.jar;E:\javaPath\apache-maven-3.6.1\mvn_resp\com\baomidou\mybatis-plus-core\3.4.3\mybatis-plus-core-3.4.3.jar;E:\javaPath\apache-maven-3.6.1\mvn_resp\com\baomidou\mybatis-plus-annotation\3.4.3\mybatis-plus-annotation-3.4.3.jar;E:\javaPath\apache-maven-3.6.1\mvn_resp\com\github\jsqlparser\jsqlparser\4.0\jsqlparser-4.0.jar;E:\javaPath\apache-maven-3.6.1\mvn_resp\org\mybatis\mybatis\3.5.7\mybatis-3.5.7.jar;E:\javaPath\apache-maven-3.6.1\mvn_resp\org\mybatis\mybatis-spring\2.0.6\mybatis-spring-2.0.6.jar;E:\javaPath\apache-maven-3.6.1\mvn_resp\org\springframework\boot\spring-boot-starter-jdbc\2.7.12\spring-boot-starter-jdbc-2.7.12.jar;E:\javaPath\apache-maven-3.6.1\mvn_resp\com\zaxxer\HikariCP\4.0.3\HikariCP-4.0.3.jar;E:\javaPath\apache-maven-3.6.1\mvn_resp\org\springframework\spring-jdbc\5.3.27\spring-jdbc-5.3.27.jar;E:\javaPath\apache-maven-3.6.1\mvn_resp\org\springframework\boot\spring-boot-starter-test\2.7.12\spring-boot-starter-test-2.7.12.jar;E:\javaPath\apache-maven-3.6.1\mvn_resp\org\springframework\boot\spring-boot-test\2.7.12\spring-boot-test-2.7.12.jar;E:\javaPath\apache-maven-3.6.1\mvn_resp\org\springframework\boot\spring-boot-test-autoconfigure\2.7.12\spring-boot-test-autoconfigure-2.7.12.jar;E:\javaPath\apache-maven-3.6.1\mvn_resp\com\jayway\jsonpath\json-path\2.7.0\json-path-2.7.0.jar;E:\javaPath\apache-maven-3.6.1\mvn_resp\net\minidev\json-smart\2.4.11\json-smart-2.4.11.jar;E:\javaPath\apache-maven-3.6.1\mvn_resp\net\minidev\accessors-smart\2.4.11\accessors-smart-2.4.11.jar;E:\javaPath\apache-maven-3.6.1\mvn_resp\org\ow2\asm\asm\9.3\asm-9.3.jar;E:\javaPath\apache-maven-3.6.1\mvn_resp\org\slf4j\slf4j-api\1.7.36\slf4j-api-1.7.36.jar;E:\javaPath\apache-maven-3.6.1\mvn_resp\jakarta\xml\bind\jakarta.xml.bind-api\2.3.3\jakarta.xml.bind-api-2.3.3.jar;E:\javaPath\apache-maven-3.6.1\mvn_resp\jakarta\activation\jakarta.activation-api\1.2.2\jakarta.activation-api-1.2.2.jar;E:\javaPath\apache-maven-3.6.1\mvn_resp\org\assertj\assertj-core\3.22.0\assertj-core-3.22.0.jar;E:\javaPath\apache-maven-3.6.1\mvn_resp\org\hamcrest\hamcrest\2.2\hamcrest-2.2.jar;E:\javaPath\apache-maven-3.6.1\mvn_resp\org\junit\jupiter\junit-jupiter\5.8.2\junit-jupiter-5.8.2.jar;E:\javaPath\apache-maven-3.6.1\mvn_resp\org\junit\jupiter\junit-jupiter-api\5.8.2\junit-jupiter-api-5.8.2.jar;E:\javaPath\apache-maven-3.6.1\mvn_resp\org\opentest4j\opentest4j\1.2.0\opentest4j-1.2.0.jar;E:\javaPath\apache-maven-3.6.1\mvn_resp\org\junit\platform\junit-platform-commons\1.8.2\junit-platform-commons-1.8.2.jar;E:\javaPath\apache-maven-3.6.1\mvn_resp\org\apiguardian\apiguardian-api\1.1.2\apiguardian-api-1.1.2.jar;E:\javaPath\apache-maven-3.6.1\mvn_resp\org\junit\jupiter\junit-jupiter-params\5.8.2\junit-jupiter-params-5.8.2.jar;E:\javaPath\apache-maven-3.6.1\mvn_resp\org\junit\jupiter\junit-jupiter-engine\5.8.2\junit-jupiter-engine-5.8.2.jar;E:\javaPath\apache-maven-3.6.1\mvn_resp\org\junit\platform\junit-platform-engine\1.8.2\junit-platform-engine-1.8.2.jar;E:\javaPath\apache-maven-3.6.1\mvn_resp\org\mockito\mockito-core\4.5.1\mockito-core-4.5.1.jar;E:\javaPath\apache-maven-3.6.1\mvn_resp\net\bytebuddy\byte-buddy\1.12.23\byte-buddy-1.12.23.jar;E:\javaPath\apache-maven-3.6.1\mvn_resp\net\bytebuddy\byte-buddy-agent\1.12.23\byte-buddy-agent-1.12.23.jar;E:\javaPath\apache-maven-3.6.1\mvn_resp\org\objenesis\objenesis\3.2\objenesis-3.2.jar;E:\javaPath\apache-maven-3.6.1\mvn_resp\org\mockito\mockito-junit-jupiter\4.5.1\mockito-junit-jupiter-4.5.1.jar;E:\javaPath\apache-maven-3.6.1\mvn_resp\org\skyscreamer\jsonassert\1.5.1\jsonassert-1.5.1.jar;E:\javaPath\apache-maven-3.6.1\mvn_resp\com\vaadin\external\google\android-json\0.0.20131108.vaadin1\android-json-0.0.20131108.vaadin1.jar;E:\javaPath\apache-maven-3.6.1\mvn_resp\org\springframework\spring-core\5.3.27\spring-core-5.3.27.jar;E:\javaPath\apache-maven-3.6.1\mvn_resp\org\springframework\spring-jcl\5.3.27\spring-jcl-5.3.27.jar;E:\javaPath\apache-maven-3.6.1\mvn_resp\org\springframework\spring-test\5.3.27\spring-test-5.3.27.jar;E:\javaPath\apache-maven-3.6.1\mvn_resp\org\xmlunit\xmlunit-core\2.9.1\xmlunit-core-2.9.1.jar;E:\javaPath\apache-maven-3.6.1\mvn_resp\org\springframework\boot\spring-boot-starter-data-redis\2.7.12\spring-boot-starter-data-redis-2.7.12.jar;E:\javaPath\apache-maven-3.6.1\mvn_resp\org\springframework\data\spring-data-redis\2.7.12\spring-data-redis-2.7.12.jar;E:\javaPath\apache-maven-3.6.1\mvn_resp\org\springframework\data\spring-data-keyvalue\2.7.12\spring-data-keyvalue-2.7.12.jar;E:\javaPath\apache-maven-3.6.1\mvn_resp\org\springframework\data\spring-data-commons\2.7.12\spring-data-commons-2.7.12.jar;E:\javaPath\apache-maven-3.6.1\mvn_resp\org\springframework\spring-tx\5.3.27\spring-tx-5.3.27.jar;E:\javaPath\apache-maven-3.6.1\mvn_resp\org\springframework\spring-oxm\5.3.27\spring-oxm-5.3.27.jar;E:\javaPath\apache-maven-3.6.1\mvn_resp\org\springframework\spring-context-support\5.3.27\spring-context-support-5.3.27.jar;E:\javaPath\apache-maven-3.6.1\mvn_resp\io\lettuce\lettuce-core\6.1.10.RELEASE\lettuce-core-6.1.10.RELEASE.jar;E:\javaPath\apache-maven-3.6.1\mvn_resp\io\netty\netty-common\4.1.92.Final\netty-common-4.1.92.Final.jar;E:\javaPath\apache-maven-3.6.1\mvn_resp\io\netty\netty-handler\4.1.92.Final\netty-handler-4.1.92.Final.jar;E:\javaPath\apache-maven-3.6.1\mvn_resp\io\netty\netty-resolver\4.1.92.Final\netty-resolver-4.1.92.Final.jar;E:\javaPath\apache-maven-3.6.1\mvn_resp\io\netty\netty-buffer\4.1.92.Final\netty-buffer-4.1.92.Final.jar;E:\javaPath\apache-maven-3.6.1\mvn_resp\io\netty\netty-transport-native-unix-common\4.1.92.Final\netty-transport-native-unix-common-4.1.92.Final.jar;E:\javaPath\apache-maven-3.6.1\mvn_resp\io\netty\netty-codec\4.1.92.Final\netty-codec-4.1.92.Final.jar;E:\javaPath\apache-maven-3.6.1\mvn_resp\io\netty\netty-transport\4.1.92.Final\netty-transport-4.1.92.Final.jar;E:\javaPath\apache-maven-3.6.1\mvn_resp\io\projectreactor\reactor-core\3.4.29\reactor-core-3.4.29.jar;E:\javaPath\apache-maven-3.6.1\mvn_resp\org\reactivestreams\reactive-streams\1.0.4\reactive-streams-1.0.4.jar;E:\javaPath\apache-maven-3.6.1\mvn_resp\com\alibaba\cloud\spring-cloud-starter-alibaba-nacos-discovery\2021.0.4.0\spring-cloud-starter-alibaba-nacos-discovery-2021.0.4.0.jar;E:\javaPath\apache-maven-3.6.1\mvn_resp\com\alibaba\cloud\spring-cloud-alibaba-commons\2021.0.4.0\spring-cloud-alibaba-commons-2021.0.4.0.jar;E:\javaPath\apache-maven-3.6.1\mvn_resp\com\alibaba\nacos\nacos-client\2.0.4\nacos-client-2.0.4.jar;E:\javaPath\apache-maven-3.6.1\mvn_resp\commons-codec\commons-codec\1.15\commons-codec-1.15.jar;E:\javaPath\apache-maven-3.6.1\mvn_resp\com\fasterxml\jackson\core\jackson-core\2.13.5\jackson-core-2.13.5.jar;E:\javaPath\apache-maven-3.6.1\mvn_resp\org\apache\httpcomponents\httpasyncclient\4.1.5\httpasyncclient-4.1.5.jar;E:\javaPath\apache-maven-3.6.1\mvn_resp\org\apache\httpcomponents\httpcore\4.4.16\httpcore-4.4.16.jar;E:\javaPath\apache-maven-3.6.1\mvn_resp\org\apache\httpcomponents\httpcore-nio\4.4.16\httpcore-nio-4.4.16.jar;E:\javaPath\apache-maven-3.6.1\mvn_resp\org\apache\httpcomponents\httpclient\4.5.14\httpclient-4.5.14.jar;E:\javaPath\apache-maven-3.6.1\mvn_resp\org\reflections\reflections\0.9.11\reflections-0.9.11.jar;E:\javaPath\apache-maven-3.6.1\mvn_resp\com\google\guava\guava\20.0\guava-20.0.jar;E:\javaPath\apache-maven-3.6.1\mvn_resp\io\prometheus\simpleclient\0.15.0\simpleclient-0.15.0.jar;E:\javaPath\apache-maven-3.6.1\mvn_resp\io\prometheus\simpleclient_tracer_otel\0.15.0\simpleclient_tracer_otel-0.15.0.jar;E:\javaPath\apache-maven-3.6.1\mvn_resp\io\prometheus\simpleclient_tracer_common\0.15.0\simpleclient_tracer_common-0.15.0.jar;E:\javaPath\apache-maven-3.6.1\mvn_resp\io\prometheus\simpleclient_tracer_otel_agent\0.15.0\simpleclient_tracer_otel_agent-0.15.0.jar;E:\javaPath\apache-maven-3.6.1\mvn_resp\com\alibaba\spring\spring-context-support\1.0.11\spring-context-support-1.0.11.jar;E:\javaPath\apache-maven-3.6.1\mvn_resp\org\springframework\cloud\spring-cloud-commons\3.1.3\spring-cloud-commons-3.1.3.jar;E:\javaPath\apache-maven-3.6.1\mvn_resp\org\springframework\cloud\spring-cloud-context\3.1.3\spring-cloud-context-3.1.3.jar;E:\javaPath\apache-maven-3.6.1\mvn_resp\org\projectlombok\lombok\1.18.20\lombok-1.18.20.jar;"/>
    <property name="sun.cpu.endian" value="little"/>
    <property name="user.home" value="C:\Users\lxbai"/>
    <property name="user.language" value="zh"/>
    <property name="java.specification.vendor" value="Oracle Corporation"/>
    <property name="java.version.date" value="2021-04-20"/>
    <property name="java.home" value="D:\Program Files\Java\jdk-11.0.11"/>
    <property name="file.separator" value="\"/>
    <property name="basedir" value="F:\SpringCloud\hmall\hm-service"/>
    <property name="java.vm.compressedOopsMode" value="Zero based"/>
    <property name="line.separator" value="&#10;"/>
    <property name="java.specification.name" value="Java Platform API Specification"/>
    <property name="java.vm.specification.vendor" value="Oracle Corporation"/>
    <property name="java.awt.graphicsenv" value="sun.awt.Win32GraphicsEnvironment"/>
    <property name="surefire.real.class.path" value="C:\Users\lxbai\AppData\Local\Temp\surefire14032814013591807778\surefirebooter12780307478367740757.jar"/>
    <property name="user.script" value=""/>
    <property name="sun.management.compiler" value="HotSpot 64-Bit Tiered Compilers"/>
    <property name="java.runtime.version" value="11.0.11+9-LTS-194"/>
    <property name="user.name" value="27530"/>
    <property name="path.separator" value=";"/>
    <property name="os.version" value="10.0"/>
    <property name="java.runtime.name" value="Java(TM) SE Runtime Environment"/>
    <property name="file.encoding" value="GBK"/>
    <property name="java.vm.name" value="Java HotSpot(TM) 64-Bit Server VM"/>
    <property name="java.vendor.version" value="18.9"/>
    <property name="localRepository" value="E:\javaPath\apache-maven-3.6.1\mvn_resp"/>
    <property name="java.vendor.url.bug" value="https://bugreport.java.com/bugreport/"/>
    <property name="java.io.tmpdir" value="C:\Users\lxbai\AppData\Local\Temp\"/>
    <property name="idea.version" value="2021.3"/>
    <property name="java.version" value="11.0.11"/>
    <property name="user.dir" value="F:\SpringCloud\hmall\hm-service"/>
    <property name="os.arch" value="amd64"/>
    <property name="java.vm.specification.name" value="Java Virtual Machine Specification"/>
    <property name="java.awt.printerjob" value="sun.awt.windows.WPrinterJob"/>
    <property name="sun.os.patch.level" value=""/>
    <property name="java.library.path" value="D:\Program Files\Java\jdk-11.0.11\bin;C:\WINDOWS\Sun\Java\bin;C:\WINDOWS\system32;C:\WINDOWS;C:\ProgramData\Oracle\Java\javapath;E:\Denvironment\Python\Scripts\;E:\Denvironment\Python\;C:\Program Files\Common Files\Oracle\Java\javapath;D:\Program Files\MySQL\MySQL Server 8.0\bin;C:\WINDOWS\system32;C:\WINDOWS;C:\WINDOWS\System32\Wbem;C:\WINDOWS\System32\WindowsPowerShell\v1.0\;C:\WINDOWS\System32\OpenSSH\;&quot;D:\Program Files\Java\jdk-17.0.1\bin;D:\Program Files\Java\jdk-17.0.1\jre\bin;&quot;;C:\ProgramData\chocolatey\bin;D:\Program Files\Java\jdk-17.0.1\bin;D:\Program Files\Git\cmd;D:\Program Files\TortoiseGit\bin;C:\Program Files\dotnet\;%MAVEN_HOME%\bin;E:\javaPath\apache-tomcat-8.5.68\bin;E:\javaPath\apache-tomcat-8.5.68\lib：;E:\javaPath\maven-mvnd-0.8.2\bin;D:\Program Files\Bandizip\;D:\Go\bin;D:\Hugo;D:\nodejs\node_global;D:\Program Files\nodejs\;D:\Exe\;D:\Program Files\Redis-x64-3.2.100;D:\Program Files (x86)\Tencent\微信web开发者工具\dll;%MAVEN_HOME%\bin;C:\Users\lxbai\AppData\Local\Microsoft\WindowsApps;D:\Develop\PyCharm 2022.1.2\bin;;D:\Develop\Microsoft VS Code\bin;C:\Users\27530\AppData\Roaming\npm;E:\网安\Nmap;C:\Users\lxbai\go\bin;C:\Users\lxbai\AppData\Roaming\npm;D:\Program Files\cpolar\;E:\javaPath\maven-mvnd-0.8.2\bin;;."/>
    <property name="java.vendor" value="Oracle Corporation"/>
    <property name="java.vm.info" value="mixed mode"/>
    <property name="java.vm.version" value="11.0.11+9-LTS-194"/>
    <property name="sun.io.unicode.encoding" value="UnicodeLittle"/>
    <property name="maven.repo.local" value="E:\javaPath\apache-maven-3.6.1\mvn_resp"/>
    <property name="java.class.version" value="55.0"/>
  </properties>
  <testcase name="testUser" classname="com.hmall.service.impl.HutoolTest" time="0.024">
    <error type="java.lang.NullPointerException">java.lang.NullPointerException
	at com.hmall.service.impl.HutoolTest.testUser(HutoolTest.java:48)
</error>
  </testcase>
  <testcase name="name" classname="com.hmall.service.impl.HutoolTest" time="0.074"/>
</testsuite>